#
# A fatal error has been detected by the Java Runtime Environment:
#
#  EXCEPTION_ACCESS_VIOLATION (0xc0000005) at pc=0x00007ffb6ea847e0, pid=14312, tid=11324
#
# JRE version: OpenJDK Runtime Environment AdoptOpenJDK (11.0.8+10) (build 11.0.8+10)
# Java VM: OpenJDK 64-Bit Server VM AdoptOpenJDK (11.0.8+10, mixed mode, tiered, compressed oops, g1 gc, windows-amd64)
# Problematic frame:
# C  [ADVAPI32.dll+0x147e0]
#
# No core dump will be written. Minidumps are not enabled by default on client versions of Windows
#
# If you would like to submit a bug report, please visit:
#   https://github.com/AdoptOpenJDK/openjdk-support/issues
# The crash happened outside the Java Virtual Machine in native code.
# See problematic frame for where to report the bug.
#

---------------  S U M M A R Y ------------

Command Line: -Dfile.encoding=UTF-8 it.unibo.oop.lab.reactivegui02.Test

Host: Intel(R) Core(TM) i7-7700HQ CPU @ 2.80GHz, 8 cores, 7G,  Windows 10 , 64 bit Build 18362 (10.0.18362.1110)
Time: Tue Dec  1 17:25:05 2020 ora solare Europa occidentale elapsed time: 0 seconds (0d 0h 0m 0s)

---------------  T H R E A D  ---------------

Current thread (0x000001b8ed217800):  JavaThread "AWT-Windows" daemon [_thread_in_native, id=11324, stack(0x000000a294200000,0x000000a294300000)]

Stack: [0x000000a294200000,0x000000a294300000],  sp=0x000000a2942ff298,  free space=1020k
Native frames: (J=compiled Java code, j=interpreted, Vv=VM code, C=native code)
C  [ADVAPI32.dll+0x147e0]

Java frames: (J=compiled Java code, j=interpreted, Vv=VM code)
j  sun.awt.windows.WToolkit.init()Z+0 java.desktop@11.0.8
j  sun.awt.windows.WToolkit.run()V+10 java.desktop@11.0.8
j  java.lang.Thread.run()V+11 java.base@11.0.8
v  ~StubRoutines::call_stub

siginfo: EXCEPTION_ACCESS_VIOLATION (0xc0000005), reading address 0x00007ffb7459310b


Register to memory mapping:

RIP=0x00007ffb6ea847e0 ADVAPI32.dll
RAX=0x000000a2942ff2d0 is pointing into the stack for thread: 0x000001b8ed217800
RBX=0xffffffffffffffff is an unknown value
RCX=0x0000000000000618 is an unknown value
RDX=0x0 is NULL
RSP=0x000000a2942ff298 is pointing into the stack for thread: 0x000001b8ed217800
RBP=0x000000a2942ff3a0 is pointing into the stack for thread: 0x000001b8ed217800
RSI=0xffffffffce0111ca is an unknown value
RDI=0x00007ffb3e400e80 awt.dll
R8 =0x0 is NULL
R9 =0x0 is NULL
R10=0x0 is NULL
R11=0x000001b8ed219520 points into unknown readable memory: 00 00 00 00 00 00 00 00
R12=0x0 is NULL
R13=0x0000000000000001 is an unknown value
R14=0x000001b8ed219520 points into unknown readable memory: 00 00 00 00 00 00 00 00
R15=0x0000000000000070 is an unknown value


Registers:
RAX=0x000000a2942ff2d0, RBX=0xffffffffffffffff, RCX=0x0000000000000618, RDX=0x0000000000000000
RSP=0x000000a2942ff298, RBP=0x000000a2942ff3a0, RSI=0xffffffffce0111ca, RDI=0x00007ffb3e400e80
R8 =0x0000000000000000, R9 =0x0000000000000000, R10=0x0000000000000000, R11=0x000001b8ed219520
R12=0x0000000000000000, R13=0x0000000000000001, R14=0x000001b8ed219520, R15=0x0000000000000070
RIP=0x00007ffb6ea847e0, EFLAGS=0x0000000000010246

Top of Stack: (sp=0x000000a2942ff298)
0x000000a2942ff298:   00007ffb3e37cbd2 0000000000000618
0x000000a2942ff2a8:   000001b8ed217b40 000000000000006e
0x000000a2942ff2b8:   000000a2942ff2e0 000001b8ed219520
0x000000a2942ff2c8:   000000a2942ff2d0 000001b800000070
0x000000a2942ff2d8:   0000000000000618 0000000000000002
0x000000a2942ff2e8:   000000000000008d 000001b8ecdf6998
0x000000a2942ff2f8:   00007ffb2765084e 000000000000001d
0x000000a2942ff308:   000000a2942ff2b8 000000a2942ff2f9
0x000000a2942ff318:   0000000800000000 00007ffb3e3c1100
0x000000a2942ff328:   0000000000000000 0000930c731062f8
0x000000a2942ff338:   00000001000c8aa0 000001b8ecdf6998
0x000000a2942ff348:   00007ffb273fa9d9 000001b8ecaac650
0x000000a2942ff358:   000000a2942ff488 000001b8ed217800
0x000000a2942ff368:   ffffffffce011100 000001b8ed217800
0x000000a2942ff378:   00007ffb276b0981 000001b8ed217800
0x000000a2942ff388:   000000a2942ff9c0 00540046004f0053 

Instructions: (pc=0x00007ffb6ea847e0)
0x00007ffb6ea846e0:   85 c0 78 c6 e9 d8 3c 01 00 cc cc cc cc cc cc cc
0x00007ffb6ea846f0:   48 ff 25 d9 b5 05 00 cc cc cc cc cc cc cc cc cc
0x00007ffb6ea84700:   40 53 48 83 ec 20 48 8b d9 48 85 c9 0f 84 a2 3d
0x00007ffb6ea84710:   01 00 80 3d 67 3c 08 00 00 0f 84 9c 3d 01 00 48
0x00007ffb6ea84720:   8d 0d 9a 3a 08 00 ff 15 14 c0 05 00 8b c3 25 00
0x00007ffb6ea84730:   00 00 ff 3d 00 00 00 74 75 5c 81 e3 ff ff ff 00
0x00007ffb6ea84740:   4c 8d 44 24 30 8b d3 48 8d 0d 32 3a 08 00 ff 15
0x00007ffb6ea84750:   5c ba 05 00 84 c0 74 3e 48 8b 54 24 30 48 8d 0d
0x00007ffb6ea84760:   1c 3a 08 00 ff 15 4e ba 05 00 84 c0 74 28 ff 0d
0x00007ffb6ea84770:   10 3c 08 00 33 db 48 8d 0d 43 3a 08 00 ff 15 b5
0x00007ffb6ea84780:   bf 05 00 85 db 0f 88 35 3d 01 00 b8 01 00 00 00
0x00007ffb6ea84790:   48 83 c4 20 5b c3 bb 08 00 00 c0 eb d9 cc cc cc
0x00007ffb6ea847a0:   cc cc cc cc cc cc cc cc cc cc cc cc cc cc cc cc
0x00007ffb6ea847b0:   48 85 d2 74 18 48 89 54 24 10 48 83 ec 28 48 8d
0x00007ffb6ea847c0:   4c 24 38 ff 15 17 af 05 00 48 83 c4 28 c3 cc cc
0x00007ffb6ea847d0:   cc cc cc cc cc cc cc cc cc cc cc cc cc cc cc cc
0x00007ffb6ea847e0:   ff 25 f2 bb eb ff cc cc cc cc cc cc cc cc cc cc
0x00007ffb6ea847f0:   48 ff 25 d1 b0 05 00 cc cc cc cc cc cc cc cc cc
0x00007ffb6ea84800:   48 85 d2 74 13 4d 85 c0 74 0e 41 8b 00 39 02 72
0x00007ffb6ea84810:   0d b8 01 00 00 00 77 05 b8 02 00 00 00 c3 33 c0
0x00007ffb6ea84820:   c3 cc cc cc cc cc cc cc cc cc cc cc cc cc cc cc
0x00007ffb6ea84830:   48 ff 25 19 bf 05 00 cc cc cc cc cc cc cc cc cc
0x00007ffb6ea84840:   48 89 5c 24 18 48 89 4c 24 08 55 57 41 56 48 8b
0x00007ffb6ea84850:   ec 48 83 ec 70 48 8b f9 0f 29 74 24 60 0f b7 0a
0x00007ffb6ea84860:   48 8b da 0f 10 32 66 83 f9 02 0f 82 85 3c 01 00
0x00007ffb6ea84870:   48 8b 52 08 45 33 f6 48 85 d2 0f 84 75 3c 01 00
0x00007ffb6ea84880:   f6 c1 01 0f 85 6c 3c 01 00 0f b7 c1 48 d1 e8 66
0x00007ffb6ea84890:   44 39 74 42 fe 0f 85 5a 3c 01 00 66 83 e9 02 66
0x00007ffb6ea848a0:   89 0b 40 f6 c7 02 0f 85 91 00 00 00 ff 15 0e ae
0x00007ffb6ea848b0:   05 00 a8 02 0f 85 1e 3c 01 00 0f 57 c0 c7 45 c0
0x00007ffb6ea848c0:   30 00 00 00 4c 8d 45 c0 48 89 7d c8 ba 00 00 01
0x00007ffb6ea848d0:   00 c7 45 d8 40 00 00 00 48 8d 4d 28 48 89 5d d0 


Stack slot to memory mapping:
stack at sp + 0 slots: 0x00007ffb3e37cbd2 awt.dll
stack at sp + 1 slots: 0x0000000000000618 is an unknown value
stack at sp + 2 slots: 0x000001b8ed217b40 points into unknown readable memory: f0 cb c8 27 fb 7f 00 00
stack at sp + 3 slots: 0x000000000000006e is an unknown value
stack at sp + 4 slots: 0x000000a2942ff2e0 is pointing into the stack for thread: 0x000001b8ed217800
stack at sp + 5 slots: 0x000001b8ed219520 points into unknown readable memory: 00 00 00 00 00 00 00 00
stack at sp + 6 slots: 0x000000a2942ff2d0 is pointing into the stack for thread: 0x000001b8ed217800
stack at sp + 7 slots: 0x000001b800000070 is an unknown value


---------------  P R O C E S S  ---------------

Threads class SMR info:
_java_thread_list=0x000001b8ed14d530, length=13, elements={
0x000001b8cd42c800, 0x000001b8ec338800, 0x000001b8ec341800, 0x000001b8ec353000,
0x000001b8ec353800, 0x000001b8ec355800, 0x000001b8ec358800, 0x000001b8ecccf000,
0x000001b8ece54800, 0x000001b8ece30000, 0x000001b8ed1d5000, 0x000001b8ed243800,
0x000001b8ed217800
}

Java Threads: ( => current thread )
  0x000001b8cd42c800 JavaThread "main" [_thread_blocked, id=4428, stack(0x000000a292f00000,0x000000a293000000)]
  0x000001b8ec338800 JavaThread "Reference Handler" daemon [_thread_blocked, id=5764, stack(0x000000a293600000,0x000000a293700000)]
  0x000001b8ec341800 JavaThread "Finalizer" daemon [_thread_blocked, id=10912, stack(0x000000a293700000,0x000000a293800000)]
  0x000001b8ec353000 JavaThread "Signal Dispatcher" daemon [_thread_blocked, id=4596, stack(0x000000a293800000,0x000000a293900000)]
  0x000001b8ec353800 JavaThread "Attach Listener" daemon [_thread_blocked, id=8852, stack(0x000000a293900000,0x000000a293a00000)]
  0x000001b8ec355800 JavaThread "C2 CompilerThread0" daemon [_thread_blocked, id=2936, stack(0x000000a293a00000,0x000000a293b00000)]
  0x000001b8ec358800 JavaThread "C1 CompilerThread0" daemon [_thread_blocked, id=13136, stack(0x000000a293b00000,0x000000a293c00000)]
  0x000001b8ecccf000 JavaThread "Sweeper thread" daemon [_thread_blocked, id=7184, stack(0x000000a293c00000,0x000000a293d00000)]
  0x000001b8ece54800 JavaThread "Service Thread" daemon [_thread_blocked, id=13920, stack(0x000000a293d00000,0x000000a293e00000)]
  0x000001b8ece30000 JavaThread "Common-Cleaner" daemon [_thread_blocked, id=12592, stack(0x000000a293f00000,0x000000a294000000)]
  0x000001b8ed1d5000 JavaThread "Java2D Disposer" daemon [_thread_blocked, id=2196, stack(0x000000a294000000,0x000000a294100000)]
  0x000001b8ed243800 JavaThread "AWT-Shutdown" [_thread_blocked, id=13504, stack(0x000000a294100000,0x000000a294200000)]
=>0x000001b8ed217800 JavaThread "AWT-Windows" daemon [_thread_in_native, id=11324, stack(0x000000a294200000,0x000000a294300000)]

Other Threads:
  0x000001b8ec315000 VMThread "VM Thread" [stack: 0x000000a293500000,0x000000a293600000] [id=1836]
  0x000001b8ece55000 WatcherThread [stack: 0x000000a293e00000,0x000000a293f00000] [id=9568]
  0x000001b8cd445000 GCTaskThread "GC Thread#0" [stack: 0x000000a293000000,0x000000a293100000] [id=6100]
  0x000001b8cd475800 ConcurrentGCThread "G1 Main Marker" [stack: 0x000000a293100000,0x000000a293200000] [id=11656]
  0x000001b8cd477000 ConcurrentGCThread "G1 Conc#0" [stack: 0x000000a293200000,0x000000a293300000] [id=13768]
  0x000001b8ec180800 ConcurrentGCThread "G1 Refine#0" [stack: 0x000000a293300000,0x000000a293400000] [id=10580]
  0x000001b8ec181000 ConcurrentGCThread "G1 Young RemSet Sampling" [stack: 0x000000a293400000,0x000000a293500000] [id=9264]

Threads with active compile tasks:

VM state:not at safepoint (normal execution)

VM Mutex/Monitor currently owned by a thread: None

Heap address: 0x0000000081c00000, size: 2020 MB, Compressed Oops mode: 32-bit
Narrow klass base: 0x0000000000000000, Narrow klass shift: 3
Compressed class space size: 1073741824 Address: 0x0000000100000000

Heap:
 garbage-first heap   total 131072K, used 3072K [0x0000000081c00000, 0x0000000100000000)
  region size 1024K, 4 young (4096K), 0 survivors (0K)
 Metaspace       used 8949K, capacity 9094K, committed 9216K, reserved 1056768K
  class space    used 844K, capacity 927K, committed 1024K, reserved 1048576K
Heap Regions: E=young(eden), S=young(survivor), O=old, HS=humongous(starts), HC=humongous(continues), CS=collection set, F=free, A=archive, TAMS=top-at-mark-start (previous, next)
|   0|0x0000000081c00000, 0x0000000081c00000, 0x0000000081d00000|  0%| F|  |TAMS 0x0000000081c00000, 0x0000000081c00000| Untracked 
|   1|0x0000000081d00000, 0x0000000081d00000, 0x0000000081e00000|  0%| F|  |TAMS 0x0000000081d00000, 0x0000000081d00000| Untracked 
|   2|0x0000000081e00000, 0x0000000081e00000, 0x0000000081f00000|  0%| F|  |TAMS 0x0000000081e00000, 0x0000000081e00000| Untracked 
|   3|0x0000000081f00000, 0x0000000081f00000, 0x0000000082000000|  0%| F|  |TAMS 0x0000000081f00000, 0x0000000081f00000| Untracked 
|   4|0x0000000082000000, 0x0000000082000000, 0x0000000082100000|  0%| F|  |TAMS 0x0000000082000000, 0x0000000082000000| Untracked 
|   5|0x0000000082100000, 0x0000000082100000, 0x0000000082200000|  0%| F|  |TAMS 0x0000000082100000, 0x0000000082100000| Untracked 
|   6|0x0000000082200000, 0x0000000082200000, 0x0000000082300000|  0%| F|  |TAMS 0x0000000082200000, 0x0000000082200000| Untracked 
|   7|0x0000000082300000, 0x0000000082300000, 0x0000000082400000|  0%| F|  |TAMS 0x0000000082300000, 0x0000000082300000| Untracked 
|   8|0x0000000082400000, 0x0000000082400000, 0x0000000082500000|  0%| F|  |TAMS 0x0000000082400000, 0x0000000082400000| Untracked 
|   9|0x0000000082500000, 0x0000000082500000, 0x0000000082600000|  0%| F|  |TAMS 0x0000000082500000, 0x0000000082500000| Untracked 
|  10|0x0000000082600000, 0x0000000082600000, 0x0000000082700000|  0%| F|  |TAMS 0x0000000082600000, 0x0000000082600000| Untracked 
|  11|0x0000000082700000, 0x0000000082700000, 0x0000000082800000|  0%| F|  |TAMS 0x0000000082700000, 0x0000000082700000| Untracked 
|  12|0x0000000082800000, 0x0000000082800000, 0x0000000082900000|  0%| F|  |TAMS 0x0000000082800000, 0x0000000082800000| Untracked 
|  13|0x0000000082900000, 0x0000000082900000, 0x0000000082a00000|  0%| F|  |TAMS 0x0000000082900000, 0x0000000082900000| Untracked 
|  14|0x0000000082a00000, 0x0000000082a00000, 0x0000000082b00000|  0%| F|  |TAMS 0x0000000082a00000, 0x0000000082a00000| Untracked 
|  15|0x0000000082b00000, 0x0000000082b00000, 0x0000000082c00000|  0%| F|  |TAMS 0x0000000082b00000, 0x0000000082b00000| Untracked 
|  16|0x0000000082c00000, 0x0000000082c00000, 0x0000000082d00000|  0%| F|  |TAMS 0x0000000082c00000, 0x0000000082c00000| Untracked 
|  17|0x0000000082d00000, 0x0000000082d00000, 0x0000000082e00000|  0%| F|  |TAMS 0x0000000082d00000, 0x0000000082d00000| Untracked 
|  18|0x0000000082e00000, 0x0000000082e00000, 0x0000000082f00000|  0%| F|  |TAMS 0x0000000082e00000, 0x0000000082e00000| Untracked 
|  19|0x0000000082f00000, 0x0000000082f00000, 0x0000000083000000|  0%| F|  |TAMS 0x0000000082f00000, 0x0000000082f00000| Untracked 
|  20|0x0000000083000000, 0x0000000083000000, 0x0000000083100000|  0%| F|  |TAMS 0x0000000083000000, 0x0000000083000000| Untracked 
|  21|0x0000000083100000, 0x0000000083100000, 0x0000000083200000|  0%| F|  |TAMS 0x0000000083100000, 0x0000000083100000| Untracked 
|  22|0x0000000083200000, 0x0000000083200000, 0x0000000083300000|  0%| F|  |TAMS 0x0000000083200000, 0x0000000083200000| Untracked 
|  23|0x0000000083300000, 0x0000000083300000, 0x0000000083400000|  0%| F|  |TAMS 0x0000000083300000, 0x0000000083300000| Untracked 
|  24|0x0000000083400000, 0x0000000083400000, 0x0000000083500000|  0%| F|  |TAMS 0x0000000083400000, 0x0000000083400000| Untracked 
|  25|0x0000000083500000, 0x0000000083500000, 0x0000000083600000|  0%| F|  |TAMS 0x0000000083500000, 0x0000000083500000| Untracked 
|  26|0x0000000083600000, 0x0000000083600000, 0x0000000083700000|  0%| F|  |TAMS 0x0000000083600000, 0x0000000083600000| Untracked 
|  27|0x0000000083700000, 0x0000000083700000, 0x0000000083800000|  0%| F|  |TAMS 0x0000000083700000, 0x0000000083700000| Untracked 
|  28|0x0000000083800000, 0x0000000083800000, 0x0000000083900000|  0%| F|  |TAMS 0x0000000083800000, 0x0000000083800000| Untracked 
|  29|0x0000000083900000, 0x0000000083900000, 0x0000000083a00000|  0%| F|  |TAMS 0x0000000083900000, 0x0000000083900000| Untracked 
|  30|0x0000000083a00000, 0x0000000083a00000, 0x0000000083b00000|  0%| F|  |TAMS 0x0000000083a00000, 0x0000000083a00000| Untracked 
|  31|0x0000000083b00000, 0x0000000083b00000, 0x0000000083c00000|  0%| F|  |TAMS 0x0000000083b00000, 0x0000000083b00000| Untracked 
|  32|0x0000000083c00000, 0x0000000083c00000, 0x0000000083d00000|  0%| F|  |TAMS 0x0000000083c00000, 0x0000000083c00000| Untracked 
|  33|0x0000000083d00000, 0x0000000083d00000, 0x0000000083e00000|  0%| F|  |TAMS 0x0000000083d00000, 0x0000000083d00000| Untracked 
|  34|0x0000000083e00000, 0x0000000083e00000, 0x0000000083f00000|  0%| F|  |TAMS 0x0000000083e00000, 0x0000000083e00000| Untracked 
|  35|0x0000000083f00000, 0x0000000083f00000, 0x0000000084000000|  0%| F|  |TAMS 0x0000000083f00000, 0x0000000083f00000| Untracked 
|  36|0x0000000084000000, 0x0000000084000000, 0x0000000084100000|  0%| F|  |TAMS 0x0000000084000000, 0x0000000084000000| Untracked 
|  37|0x0000000084100000, 0x0000000084100000, 0x0000000084200000|  0%| F|  |TAMS 0x0000000084100000, 0x0000000084100000| Untracked 
|  38|0x0000000084200000, 0x0000000084200000, 0x0000000084300000|  0%| F|  |TAMS 0x0000000084200000, 0x0000000084200000| Untracked 
|  39|0x0000000084300000, 0x0000000084300000, 0x0000000084400000|  0%| F|  |TAMS 0x0000000084300000, 0x0000000084300000| Untracked 
|  40|0x0000000084400000, 0x0000000084400000, 0x0000000084500000|  0%| F|  |TAMS 0x0000000084400000, 0x0000000084400000| Untracked 
|  41|0x0000000084500000, 0x0000000084500000, 0x0000000084600000|  0%| F|  |TAMS 0x0000000084500000, 0x0000000084500000| Untracked 
|  42|0x0000000084600000, 0x0000000084600000, 0x0000000084700000|  0%| F|  |TAMS 0x0000000084600000, 0x0000000084600000| Untracked 
|  43|0x0000000084700000, 0x0000000084700000, 0x0000000084800000|  0%| F|  |TAMS 0x0000000084700000, 0x0000000084700000| Untracked 
|  44|0x0000000084800000, 0x0000000084800000, 0x0000000084900000|  0%| F|  |TAMS 0x0000000084800000, 0x0000000084800000| Untracked 
|  45|0x0000000084900000, 0x0000000084900000, 0x0000000084a00000|  0%| F|  |TAMS 0x0000000084900000, 0x0000000084900000| Untracked 
|  46|0x0000000084a00000, 0x0000000084a00000, 0x0000000084b00000|  0%| F|  |TAMS 0x0000000084a00000, 0x0000000084a00000| Untracked 
|  47|0x0000000084b00000, 0x0000000084b00000, 0x0000000084c00000|  0%| F|  |TAMS 0x0000000084b00000, 0x0000000084b00000| Untracked 
|  48|0x0000000084c00000, 0x0000000084c00000, 0x0000000084d00000|  0%| F|  |TAMS 0x0000000084c00000, 0x0000000084c00000| Untracked 
|  49|0x0000000084d00000, 0x0000000084d00000, 0x0000000084e00000|  0%| F|  |TAMS 0x0000000084d00000, 0x0000000084d00000| Untracked 
|  50|0x0000000084e00000, 0x0000000084e00000, 0x0000000084f00000|  0%| F|  |TAMS 0x0000000084e00000, 0x0000000084e00000| Untracked 
|  51|0x0000000084f00000, 0x0000000084f00000, 0x0000000085000000|  0%| F|  |TAMS 0x0000000084f00000, 0x0000000084f00000| Untracked 
|  52|0x0000000085000000, 0x0000000085000000, 0x0000000085100000|  0%| F|  |TAMS 0x0000000085000000, 0x0000000085000000| Untracked 
|  53|0x0000000085100000, 0x0000000085100000, 0x0000000085200000|  0%| F|  |TAMS 0x0000000085100000, 0x0000000085100000| Untracked 
|  54|0x0000000085200000, 0x0000000085200000, 0x0000000085300000|  0%| F|  |TAMS 0x0000000085200000, 0x0000000085200000| Untracked 
|  55|0x0000000085300000, 0x0000000085300000, 0x0000000085400000|  0%| F|  |TAMS 0x0000000085300000, 0x0000000085300000| Untracked 
|  56|0x0000000085400000, 0x0000000085400000, 0x0000000085500000|  0%| F|  |TAMS 0x0000000085400000, 0x0000000085400000| Untracked 
|  57|0x0000000085500000, 0x0000000085500000, 0x0000000085600000|  0%| F|  |TAMS 0x0000000085500000, 0x0000000085500000| Untracked 
|  58|0x0000000085600000, 0x0000000085600000, 0x0000000085700000|  0%| F|  |TAMS 0x0000000085600000, 0x0000000085600000| Untracked 
|  59|0x0000000085700000, 0x0000000085700000, 0x0000000085800000|  0%| F|  |TAMS 0x0000000085700000, 0x0000000085700000| Untracked 
|  60|0x0000000085800000, 0x0000000085800000, 0x0000000085900000|  0%| F|  |TAMS 0x0000000085800000, 0x0000000085800000| Untracked 
|  61|0x0000000085900000, 0x0000000085900000, 0x0000000085a00000|  0%| F|  |TAMS 0x0000000085900000, 0x0000000085900000| Untracked 
|  62|0x0000000085a00000, 0x0000000085a00000, 0x0000000085b00000|  0%| F|  |TAMS 0x0000000085a00000, 0x0000000085a00000| Untracked 
|  63|0x0000000085b00000, 0x0000000085b00000, 0x0000000085c00000|  0%| F|  |TAMS 0x0000000085b00000, 0x0000000085b00000| Untracked 
|  64|0x0000000085c00000, 0x0000000085c00000, 0x0000000085d00000|  0%| F|  |TAMS 0x0000000085c00000, 0x0000000085c00000| Untracked 
|  65|0x0000000085d00000, 0x0000000085d00000, 0x0000000085e00000|  0%| F|  |TAMS 0x0000000085d00000, 0x0000000085d00000| Untracked 
|  66|0x0000000085e00000, 0x0000000085e00000, 0x0000000085f00000|  0%| F|  |TAMS 0x0000000085e00000, 0x0000000085e00000| Untracked 
|  67|0x0000000085f00000, 0x0000000085f00000, 0x0000000086000000|  0%| F|  |TAMS 0x0000000085f00000, 0x0000000085f00000| Untracked 
|  68|0x0000000086000000, 0x0000000086000000, 0x0000000086100000|  0%| F|  |TAMS 0x0000000086000000, 0x0000000086000000| Untracked 
|  69|0x0000000086100000, 0x0000000086100000, 0x0000000086200000|  0%| F|  |TAMS 0x0000000086100000, 0x0000000086100000| Untracked 
|  70|0x0000000086200000, 0x0000000086200000, 0x0000000086300000|  0%| F|  |TAMS 0x0000000086200000, 0x0000000086200000| Untracked 
|  71|0x0000000086300000, 0x0000000086300000, 0x0000000086400000|  0%| F|  |TAMS 0x0000000086300000, 0x0000000086300000| Untracked 
|  72|0x0000000086400000, 0x0000000086400000, 0x0000000086500000|  0%| F|  |TAMS 0x0000000086400000, 0x0000000086400000| Untracked 
|  73|0x0000000086500000, 0x0000000086500000, 0x0000000086600000|  0%| F|  |TAMS 0x0000000086500000, 0x0000000086500000| Untracked 
|  74|0x0000000086600000, 0x0000000086600000, 0x0000000086700000|  0%| F|  |TAMS 0x0000000086600000, 0x0000000086600000| Untracked 
|  75|0x0000000086700000, 0x0000000086700000, 0x0000000086800000|  0%| F|  |TAMS 0x0000000086700000, 0x0000000086700000| Untracked 
|  76|0x0000000086800000, 0x0000000086800000, 0x0000000086900000|  0%| F|  |TAMS 0x0000000086800000, 0x0000000086800000| Untracked 
|  77|0x0000000086900000, 0x0000000086900000, 0x0000000086a00000|  0%| F|  |TAMS 0x0000000086900000, 0x0000000086900000| Untracked 
|  78|0x0000000086a00000, 0x0000000086a00000, 0x0000000086b00000|  0%| F|  |TAMS 0x0000000086a00000, 0x0000000086a00000| Untracked 
|  79|0x0000000086b00000, 0x0000000086b00000, 0x0000000086c00000|  0%| F|  |TAMS 0x0000000086b00000, 0x0000000086b00000| Untracked 
|  80|0x0000000086c00000, 0x0000000086c00000, 0x0000000086d00000|  0%| F|  |TAMS 0x0000000086c00000, 0x0000000086c00000| Untracked 
|  81|0x0000000086d00000, 0x0000000086d00000, 0x0000000086e00000|  0%| F|  |TAMS 0x0000000086d00000, 0x0000000086d00000| Untracked 
|  82|0x0000000086e00000, 0x0000000086e00000, 0x0000000086f00000|  0%| F|  |TAMS 0x0000000086e00000, 0x0000000086e00000| Untracked 
|  83|0x0000000086f00000, 0x0000000086f00000, 0x0000000087000000|  0%| F|  |TAMS 0x0000000086f00000, 0x0000000086f00000| Untracked 
|  84|0x0000000087000000, 0x0000000087000000, 0x0000000087100000|  0%| F|  |TAMS 0x0000000087000000, 0x0000000087000000| Untracked 
|  85|0x0000000087100000, 0x0000000087100000, 0x0000000087200000|  0%| F|  |TAMS 0x0000000087100000, 0x0000000087100000| Untracked 
|  86|0x0000000087200000, 0x0000000087200000, 0x0000000087300000|  0%| F|  |TAMS 0x0000000087200000, 0x0000000087200000| Untracked 
|  87|0x0000000087300000, 0x0000000087300000, 0x0000000087400000|  0%| F|  |TAMS 0x0000000087300000, 0x0000000087300000| Untracked 
|  88|0x0000000087400000, 0x0000000087400000, 0x0000000087500000|  0%| F|  |TAMS 0x0000000087400000, 0x0000000087400000| Untracked 
|  89|0x0000000087500000, 0x0000000087500000, 0x0000000087600000|  0%| F|  |TAMS 0x0000000087500000, 0x0000000087500000| Untracked 
|  90|0x0000000087600000, 0x0000000087600000, 0x0000000087700000|  0%| F|  |TAMS 0x0000000087600000, 0x0000000087600000| Untracked 
|  91|0x0000000087700000, 0x0000000087700000, 0x0000000087800000|  0%| F|  |TAMS 0x0000000087700000, 0x0000000087700000| Untracked 
|  92|0x0000000087800000, 0x0000000087800000, 0x0000000087900000|  0%| F|  |TAMS 0x0000000087800000, 0x0000000087800000| Untracked 
|  93|0x0000000087900000, 0x0000000087900000, 0x0000000087a00000|  0%| F|  |TAMS 0x0000000087900000, 0x0000000087900000| Untracked 
|  94|0x0000000087a00000, 0x0000000087a00000, 0x0000000087b00000|  0%| F|  |TAMS 0x0000000087a00000, 0x0000000087a00000| Untracked 
|  95|0x0000000087b00000, 0x0000000087b00000, 0x0000000087c00000|  0%| F|  |TAMS 0x0000000087b00000, 0x0000000087b00000| Untracked 
|  96|0x0000000087c00000, 0x0000000087c00000, 0x0000000087d00000|  0%| F|  |TAMS 0x0000000087c00000, 0x0000000087c00000| Untracked 
|  97|0x0000000087d00000, 0x0000000087d00000, 0x0000000087e00000|  0%| F|  |TAMS 0x0000000087d00000, 0x0000000087d00000| Untracked 
|  98|0x0000000087e00000, 0x0000000087e00000, 0x0000000087f00000|  0%| F|  |TAMS 0x0000000087e00000, 0x0000000087e00000| Untracked 
|  99|0x0000000087f00000, 0x0000000087f00000, 0x0000000088000000|  0%| F|  |TAMS 0x0000000087f00000, 0x0000000087f00000| Untracked 
| 100|0x0000000088000000, 0x0000000088000000, 0x0000000088100000|  0%| F|  |TAMS 0x0000000088000000, 0x0000000088000000| Untracked 
| 101|0x0000000088100000, 0x0000000088100000, 0x0000000088200000|  0%| F|  |TAMS 0x0000000088100000, 0x0000000088100000| Untracked 
| 102|0x0000000088200000, 0x0000000088200000, 0x0000000088300000|  0%| F|  |TAMS 0x0000000088200000, 0x0000000088200000| Untracked 
| 103|0x0000000088300000, 0x0000000088300000, 0x0000000088400000|  0%| F|  |TAMS 0x0000000088300000, 0x0000000088300000| Untracked 
| 104|0x0000000088400000, 0x0000000088400000, 0x0000000088500000|  0%| F|  |TAMS 0x0000000088400000, 0x0000000088400000| Untracked 
| 105|0x0000000088500000, 0x0000000088500000, 0x0000000088600000|  0%| F|  |TAMS 0x0000000088500000, 0x0000000088500000| Untracked 
| 106|0x0000000088600000, 0x0000000088600000, 0x0000000088700000|  0%| F|  |TAMS 0x0000000088600000, 0x0000000088600000| Untracked 
| 107|0x0000000088700000, 0x0000000088700000, 0x0000000088800000|  0%| F|  |TAMS 0x0000000088700000, 0x0000000088700000| Untracked 
| 108|0x0000000088800000, 0x0000000088800000, 0x0000000088900000|  0%| F|  |TAMS 0x0000000088800000, 0x0000000088800000| Untracked 
| 109|0x0000000088900000, 0x0000000088900000, 0x0000000088a00000|  0%| F|  |TAMS 0x0000000088900000, 0x0000000088900000| Untracked 
| 110|0x0000000088a00000, 0x0000000088a00000, 0x0000000088b00000|  0%| F|  |TAMS 0x0000000088a00000, 0x0000000088a00000| Untracked 
| 111|0x0000000088b00000, 0x0000000088b00000, 0x0000000088c00000|  0%| F|  |TAMS 0x0000000088b00000, 0x0000000088b00000| Untracked 
| 112|0x0000000088c00000, 0x0000000088c00000, 0x0000000088d00000|  0%| F|  |TAMS 0x0000000088c00000, 0x0000000088c00000| Untracked 
| 113|0x0000000088d00000, 0x0000000088d00000, 0x0000000088e00000|  0%| F|  |TAMS 0x0000000088d00000, 0x0000000088d00000| Untracked 
| 114|0x0000000088e00000, 0x0000000088e00000, 0x0000000088f00000|  0%| F|  |TAMS 0x0000000088e00000, 0x0000000088e00000| Untracked 
| 115|0x0000000088f00000, 0x0000000088f00000, 0x0000000089000000|  0%| F|  |TAMS 0x0000000088f00000, 0x0000000088f00000| Untracked 
| 116|0x0000000089000000, 0x0000000089000000, 0x0000000089100000|  0%| F|  |TAMS 0x0000000089000000, 0x0000000089000000| Untracked 
| 117|0x0000000089100000, 0x0000000089100000, 0x0000000089200000|  0%| F|  |TAMS 0x0000000089100000, 0x0000000089100000| Untracked 
| 118|0x0000000089200000, 0x0000000089200000, 0x0000000089300000|  0%| F|  |TAMS 0x0000000089200000, 0x0000000089200000| Untracked 
| 119|0x0000000089300000, 0x0000000089300000, 0x0000000089400000|  0%| F|  |TAMS 0x0000000089300000, 0x0000000089300000| Untracked 
| 120|0x0000000089400000, 0x0000000089400000, 0x0000000089500000|  0%| F|  |TAMS 0x0000000089400000, 0x0000000089400000| Untracked 
| 121|0x0000000089500000, 0x0000000089500000, 0x0000000089600000|  0%| F|  |TAMS 0x0000000089500000, 0x0000000089500000| Untracked 
| 122|0x0000000089600000, 0x0000000089600000, 0x0000000089700000|  0%| F|  |TAMS 0x0000000089600000, 0x0000000089600000| Untracked 
| 123|0x0000000089700000, 0x0000000089700000, 0x0000000089800000|  0%| F|  |TAMS 0x0000000089700000, 0x0000000089700000| Untracked 
| 124|0x0000000089800000, 0x0000000089900000, 0x0000000089900000|100%| E|  |TAMS 0x0000000089800000, 0x0000000089800000| Complete 
| 125|0x0000000089900000, 0x0000000089a00000, 0x0000000089a00000|100%| E|CS|TAMS 0x0000000089900000, 0x0000000089900000| Complete 
| 126|0x0000000089a00000, 0x0000000089b00000, 0x0000000089b00000|100%| E|CS|TAMS 0x0000000089a00000, 0x0000000089a00000| Complete 
| 127|0x0000000089b00000, 0x0000000089c00000, 0x0000000089c00000|100%| E|CS|TAMS 0x0000000089b00000, 0x0000000089b00000| Complete 

Card table byte_map: [0x000001b8e51c0000,0x000001b8e55c0000] _byte_map_base: 0x000001b8e4db2000

Marking Bits (Prev, Next): (CMBitMap*) 0x000001b8cd46cf68, (CMBitMap*) 0x000001b8cd46cfa0
 Prev Bits: [0x000001b8e59c0000, 0x000001b8e7950000)
 Next Bits: [0x000001b8e7950000, 0x000001b8e98e0000)

Polling page: 0x000001b8ccc00000

Metaspace:

Usage:
  Non-class:      7.98 MB capacity,     7.91 MB (>99%) used,    48.97 KB ( <1%) free+waste,    13.38 KB ( <1%) overhead. 
      Class:    927.00 KB capacity,   844.68 KB ( 91%) used,    75.76 KB (  8%) free+waste,     6.56 KB ( <1%) overhead. 
       Both:      8.88 MB capacity,     8.74 MB ( 98%) used,   124.73 KB (  1%) free+waste,    19.94 KB ( <1%) overhead. 

Virtual space:
  Non-class space:        8.00 MB reserved,       8.00 MB (100%) committed 
      Class space:        1.00 GB reserved,       1.00 MB ( <1%) committed 
             Both:        1.01 GB reserved,       9.00 MB ( <1%) committed 

Chunk freelists:
   Non-Class:  25.00 KB
       Class:  1.00 KB
        Both:  26.00 KB

MaxMetaspaceSize: 17179869184.00 GB
CompressedClassSpaceSize: 1.00 GB

CodeHeap 'non-profiled nmethods': size=120000Kb used=123Kb max_used=123Kb free=119876Kb
 bounds [0x000001b8dd560000, 0x000001b8dd7d0000, 0x000001b8e4a90000]
CodeHeap 'profiled nmethods': size=120000Kb used=642Kb max_used=642Kb free=119357Kb
 bounds [0x000001b8d6030000, 0x000001b8d62a0000, 0x000001b8dd560000]
CodeHeap 'non-nmethods': size=5760Kb used=1101Kb max_used=1117Kb free=4659Kb
 bounds [0x000001b8d5a90000, 0x000001b8d5d00000, 0x000001b8d6030000]
 total_blobs=860 nmethods=439 adapters=333
 compilation: enabled
              stopped_count=0, restarted_count=0
 full_count=0

Compilation events (20 events):
Event: 0.245 Thread 0x000001b8ec358800 nmethod 423 0x000001b8d60cab10 code [0x000001b8d60cad00, 0x000001b8d60cb228]
Event: 0.245 Thread 0x000001b8ec358800  428   !   3       java.util.ImmutableCollections$ListItr::next (34 bytes)
Event: 0.245 Thread 0x000001b8ec358800 nmethod 428 0x000001b8d60cb410 code [0x000001b8d60cb5e0, 0x000001b8d60cb858]
Event: 0.245 Thread 0x000001b8ec358800  430       3       jdk.internal.org.objectweb.asm.MethodWriter::visitFieldInsn (256 bytes)
Event: 0.246 Thread 0x000001b8ec358800 nmethod 430 0x000001b8d60cb990 code [0x000001b8d60cbc00, 0x000001b8d60cc708]
Event: 0.246 Thread 0x000001b8ec358800  432       3       java.lang.invoke.MethodHandleNatives::refKindIsGetter (32 bytes)
Event: 0.246 Thread 0x000001b8ec358800 nmethod 432 0x000001b8d60ccb10 code [0x000001b8d60cccc0, 0x000001b8d60cce18]
Event: 0.246 Thread 0x000001b8ec358800  431       3       jdk.internal.org.objectweb.asm.ClassWriter::newFieldItem (77 bytes)
Event: 0.247 Thread 0x000001b8ec358800 nmethod 431 0x000001b8d60cce90 code [0x000001b8d60cd0e0, 0x000001b8d60cd618]
Event: 0.247 Thread 0x000001b8ec358800  436       3       java.lang.invoke.LambdaForm$Name::withConstraint (20 bytes)
Event: 0.247 Thread 0x000001b8ec358800 nmethod 436 0x000001b8d60cd990 code [0x000001b8d60cdb60, 0x000001b8d60cdd48]
Event: 0.247 Thread 0x000001b8ec358800  427       3       java.lang.invoke.MethodHandles$Lookup::checkAccess (226 bytes)
Event: 0.249 Thread 0x000001b8ec358800 nmethod 427 0x000001b8d60cde10 code [0x000001b8d60ce1a0, 0x000001b8d60cf758]
Event: 0.249 Thread 0x000001b8ec358800  438       3       java.lang.invoke.LambdaForm$NamedFunction::<init> (82 bytes)
Event: 0.249 Thread 0x000001b8ec358800 nmethod 438 0x000001b8d60cfe10 code [0x000001b8d60cffe0, 0x000001b8d60d0258]
Event: 0.249 Thread 0x000001b8ec358800  439       3       java.lang.String::replace (42 bytes)
Event: 0.249 Thread 0x000001b8ec358800 nmethod 439 0x000001b8d60d0310 code [0x000001b8d60d04e0, 0x000001b8d60d07f8]
Event: 0.259 Thread 0x000001b8ec355800 nmethod 404 0x000001b8dd57b590 code [0x000001b8dd57b760, 0x000001b8dd57c898]
Event: 0.260 Thread 0x000001b8ec355800  424       4       java.lang.invoke.LambdaForm$Name::replaceNames (174 bytes)
Event: 0.289 Thread 0x000001b8ec355800 nmethod 424 0x000001b8dd57d010 code [0x000001b8dd57d240, 0x000001b8dd57e430]

GC Heap History (0 events):
No events

Deoptimization events (4 events):
Event: 0.080 Thread 0x000001b8cd42c800 Uncommon trap: trap_request=0xffffff4d fr.pc=0x000001b8dd564510 relative=0x00000000000001f0
Event: 0.080 Thread 0x000001b8cd42c800 Uncommon trap: reason=unstable_if action=reinterpret pc=0x000001b8dd564510 method=java.lang.String.hashCode()I @ 14 c2
Event: 0.080 Thread 0x000001b8cd42c800 DEOPT PACKING pc=0x000001b8dd564510 sp=0x000000a292ffd440
Event: 0.080 Thread 0x000001b8cd42c800 DEOPT UNPACKING pc=0x000001b8d5ab74af sp=0x000000a292ffd3d8 mode 2

Classes redefined (0 events):
No events

Internal exceptions (8 events):
Event: 0.133 Thread 0x000001b8cd42c800 Exception <a 'java/lang/ClassNotFoundException'{0x0000000089a8e9d0}: sun/awt/resources/spi/awtProvider> (0x0000000089a8e9d0) thrown at [./src/hotspot/share/classfile/systemDictionary.cpp, line 231]
Event: 0.167 Thread 0x000001b8cd42c800 Exception <a 'java/io/FileNotFoundException'{0x0000000089927cf8}> (0x0000000089927cf8) thrown at [./src/hotspot/share/prims/jni.cpp, line 615]
Event: 0.181 Thread 0x000001b8cd42c800 Exception <a 'java/lang/NoSuchMethodError'{0x0000000089982c18}: 'java.lang.Object java.lang.invoke.DirectMethodHandle$Holder.invokeStatic(java.lang.Object, java.lang.Object, java.lang.Object, java.lang.Object, java.lang.Object, java.lang.Object, java.lang.Object, java.lang.Object, java.lang.Object, java.lang.Object, java.lang.Object, java.lang.Object, java.lang.Object, java.lang.Object, java.lang.Object)'> (0x0000000089982c18) thrown at [./src/hotspot/share/interpreter/linkResolver.cpp, line 773]
Event: 0.183 Thread 0x000001b8cd42c800 Exception <a 'java/lang/NoSuchMethodError'{0x0000000089990988}: 'java.lang.Object java.lang.invoke.DirectMethodHandle$Holder.invokeStatic(java.lang.Object, java.lang.Object, java.lang.Object, java.lang.Object, java.lang.Object, java.lang.Object, java.lang.Object, java.lang.Object, java.lang.Object, java.lang.Object, java.lang.Object, java.lang.Object, java.lang.Object, java.lang.Object, java.lang.Object, java.lang.Object)'> (0x0000000089990988) thrown at [./src/hotspot/share/interpreter/linkResolver.cpp, l
Event: 0.185 Thread 0x000001b8cd42c800 Exception <a 'java/lang/NoSuchMethodError'{0x000000008999e5f8}: 'java.lang.Object java.lang.invoke.DirectMethodHandle$Holder.invokeSpecial(java.lang.Object, java.lang.Object, int, int, java.lang.Object, java.lang.Object, java.lang.Object)'> (0x000000008999e5f8) thrown at [./src/hotspot/share/interpreter/linkResolver.cpp, line 773]
Event: 0.185 Thread 0x000001b8cd42c800 Exception <a 'java/lang/NoSuchMethodError'{0x00000000899a1b88}: 'java.lang.Object java.lang.invoke.DelegatingMethodHandle$Holder.reinvoke_L(java.lang.Object, int, int, java.lang.Object, java.lang.Object, java.lang.Object)'> (0x00000000899a1b88) thrown at [./src/hotspot/share/interpreter/linkResolver.cpp, line 773]
Event: 0.186 Thread 0x000001b8cd42c800 Exception <a 'java/lang/NoSuchMethodError'{0x00000000899a5c68}: 'java.lang.Object java.lang.invoke.DirectMethodHandle$Holder.invokeStatic(java.lang.Object, java.lang.Object, java.lang.Object, java.lang.Object, int)'> (0x00000000899a5c68) thrown at [./src/hotspot/share/interpreter/linkResolver.cpp, line 773]
Event: 0.195 Thread 0x000001b8cd42c800 Exception <a 'java/io/FileNotFoundException'{0x0000000089809188}> (0x0000000089809188) thrown at [./src/hotspot/share/prims/jni.cpp, line 615]

Events (20 events):
Event: 0.240 loading class sun/awt/util/PerformanceLogger$TimeData done
Event: 0.243 loading class java/lang/invoke/BoundMethodHandle$Species_LLLLLLLI
Event: 0.243 loading class java/lang/invoke/BoundMethodHandle$Species_LLLLLLLI done
Event: 0.245 loading class java/lang/invoke/BoundMethodHandle$Species_LLLLLLLII
Event: 0.245 loading class java/lang/invoke/BoundMethodHandle$Species_LLLLLLLII done
Event: 0.246 loading class sun/awt/windows/WToolkit$ToolkitDisposer
Event: 0.246 loading class sun/java2d/DisposerRecord
Event: 0.246 loading class sun/java2d/DisposerRecord done
Event: 0.246 loading class sun/awt/windows/WToolkit$ToolkitDisposer done
Event: 0.246 loading class sun/java2d/Disposer
Event: 0.246 loading class sun/java2d/Disposer done
Event: 0.247 loading class sun/java2d/Disposer$1
Event: 0.247 loading class sun/java2d/Disposer$1 done
Event: 0.247 loading class sun/awt/util/ThreadGroupUtils
Event: 0.248 loading class sun/awt/util/ThreadGroupUtils done
Event: 0.248 Thread 0x000001b8ed1d5000 Thread added: 0x000001b8ed1d5000
Event: 0.248 loading class sun/awt/AWTAutoShutdown
Event: 0.248 loading class sun/awt/AWTAutoShutdown done
Event: 0.248 Thread 0x000001b8ed243800 Thread added: 0x000001b8ed243800
Event: 0.249 Thread 0x000001b8ed217800 Thread added: 0x000001b8ed217800


Dynamic libraries:
0x00007ff63f080000 - 0x00007ff63f08d000 	C:\Program Files\AdoptOpenJDK\jdk-11.0.8.10-hotspot\bin\javaw.exe
0x00007ffb6ecc0000 - 0x00007ffb6eeb0000 	C:\Windows\SYSTEM32\ntdll.dll
0x00007ffb6e040000 - 0x00007ffb6e0f2000 	C:\Windows\System32\KERNEL32.DLL
0x00007ffb6c9b0000 - 0x00007ffb6cc55000 	C:\Windows\System32\KERNELBASE.dll
0x00007ffb6bd90000 - 0x00007ffb6be8a000 	C:\Windows\System32\ucrtbase.dll
0x00007ffb5ca30000 - 0x00007ffb5ca45000 	C:\Program Files\AdoptOpenJDK\jdk-11.0.8.10-hotspot\bin\VCRUNTIME140.dll
0x00007ffb5ca50000 - 0x00007ffb5ca67000 	C:\Program Files\AdoptOpenJDK\jdk-11.0.8.10-hotspot\bin\jli.dll
0x00007ffb6e3f0000 - 0x00007ffb6e584000 	C:\Windows\System32\USER32.dll
0x00007ffb6bc40000 - 0x00007ffb6bc61000 	C:\Windows\System32\win32u.dll
0x00007ffb62b10000 - 0x00007ffb62d94000 	C:\Windows\WinSxS\amd64_microsoft.windows.common-controls_6595b64144ccf1df_6.0.18362.1198_none_9e820b57e45ad92f\COMCTL32.dll
0x00007ffb6d8b0000 - 0x00007ffb6d8d6000 	C:\Windows\System32\GDI32.dll
0x00007ffb6e200000 - 0x00007ffb6e29e000 	C:\Windows\System32\msvcrt.dll
0x00007ffb6c620000 - 0x00007ffb6c7b6000 	C:\Windows\System32\gdi32full.dll
0x00007ffb6cd70000 - 0x00007ffb6d0a5000 	C:\Windows\System32\combase.dll
0x00007ffb6c7c0000 - 0x00007ffb6c85e000 	C:\Windows\System32\msvcp_win.dll
0x00007ffb6e610000 - 0x00007ffb6e730000 	C:\Windows\System32\RPCRT4.dll
0x00007ffb6bcc0000 - 0x00007ffb6bd40000 	C:\Windows\System32\bcryptPrimitives.dll
0x00007ffb6d180000 - 0x00007ffb6d1ae000 	C:\Windows\System32\IMM32.DLL
0x00007ffb56e50000 - 0x00007ffb56eeb000 	C:\Program Files\AdoptOpenJDK\jdk-11.0.8.10-hotspot\bin\msvcp140.dll
0x00007ffb27300000 - 0x00007ffb27dbd000 	C:\Program Files\AdoptOpenJDK\jdk-11.0.8.10-hotspot\bin\server\jvm.dll
0x00007ffb6ea70000 - 0x00007ffb6eb13000 	C:\Windows\System32\ADVAPI32.dll
0x00007ffb6e2a0000 - 0x00007ffb6e337000 	C:\Windows\System32\sechost.dll
0x00007ffb6e800000 - 0x00007ffb6e808000 	C:\Windows\System32\PSAPI.DLL
0x00007ffb59b20000 - 0x00007ffb59b29000 	C:\Windows\SYSTEM32\WSOCK32.dll
0x00007ffb694a0000 - 0x00007ffb694c4000 	C:\Windows\SYSTEM32\WINMM.dll
0x00007ffb6e950000 - 0x00007ffb6e9bf000 	C:\Windows\System32\WS2_32.dll
0x00007ffb64640000 - 0x00007ffb6464a000 	C:\Windows\SYSTEM32\VERSION.dll
0x00007ffb69470000 - 0x00007ffb6949d000 	C:\Windows\SYSTEM32\winmmbase.dll
0x00007ffb6bd40000 - 0x00007ffb6bd8a000 	C:\Windows\System32\cfgmgr32.dll
0x00007ffb6bc20000 - 0x00007ffb6bc31000 	C:\Windows\System32\kernel.appcore.dll
0x00007ffb67ac0000 - 0x00007ffb67ad0000 	C:\Program Files\AdoptOpenJDK\jdk-11.0.8.10-hotspot\bin\verify.dll
0x00007ffb6a310000 - 0x00007ffb6a504000 	C:\Windows\SYSTEM32\DBGHELP.DLL
0x00007ffb5bd00000 - 0x00007ffb5bd2a000 	C:\Windows\SYSTEM32\dbgcore.DLL
0x00007ffb67a80000 - 0x00007ffb67aa8000 	C:\Program Files\AdoptOpenJDK\jdk-11.0.8.10-hotspot\bin\java.dll
0x00007ffb67a70000 - 0x00007ffb67a7a000 	C:\Program Files\AdoptOpenJDK\jdk-11.0.8.10-hotspot\bin\jimage.dll
0x00007ffb67a50000 - 0x00007ffb67a67000 	C:\Program Files\AdoptOpenJDK\jdk-11.0.8.10-hotspot\bin\zip.dll
0x00007ffb6d1c0000 - 0x00007ffb6d8a7000 	C:\Windows\System32\SHELL32.dll
0x00007ffb6e340000 - 0x00007ffb6e3e9000 	C:\Windows\System32\shcore.dll
0x00007ffb6be90000 - 0x00007ffb6c611000 	C:\Windows\System32\windows.storage.dll
0x00007ffb6bb80000 - 0x00007ffb6bba3000 	C:\Windows\System32\profapi.dll
0x00007ffb6bbb0000 - 0x00007ffb6bbfa000 	C:\Windows\System32\powrprof.dll
0x00007ffb6bb70000 - 0x00007ffb6bb80000 	C:\Windows\System32\UMPDC.dll
0x00007ffb6e180000 - 0x00007ffb6e1d2000 	C:\Windows\System32\shlwapi.dll
0x00007ffb6bc70000 - 0x00007ffb6bc87000 	C:\Windows\System32\cryptsp.dll
0x00007ffb67a30000 - 0x00007ffb67a49000 	C:\Program Files\AdoptOpenJDK\jdk-11.0.8.10-hotspot\bin\net.dll
0x00007ffb65820000 - 0x00007ffb65910000 	C:\Windows\SYSTEM32\WINHTTP.dll
0x00007ffb6b3c0000 - 0x00007ffb6b427000 	C:\Windows\system32\mswsock.dll
0x00007ffb67a10000 - 0x00007ffb67a22000 	C:\Program Files\AdoptOpenJDK\jdk-11.0.8.10-hotspot\bin\nio.dll
0x00007ffb3e2b0000 - 0x00007ffb3e449000 	C:\Program Files\AdoptOpenJDK\jdk-11.0.8.10-hotspot\bin\awt.dll
0x00007ffb6e730000 - 0x00007ffb6e7f5000 	C:\Windows\System32\OLEAUT32.dll
0x00007ffb69670000 - 0x00007ffb696ff000 	C:\Windows\SYSTEM32\apphelp.dll
0x00007ffb69b70000 - 0x00007ffb69b9d000 	C:\Windows\system32\DWMAPI.DLL
0x00007ffb69700000 - 0x00007ffb69799000 	C:\Windows\system32\uxtheme.dll
0x00007ffb42a20000 - 0x00007ffb42b76000 	C:\Windows\system32\opengl32.dll
0x00007ffb62590000 - 0x00007ffb625bc000 	C:\Windows\SYSTEM32\GLU32.dll
0x00007ffb6a7b0000 - 0x00007ffb6a7d0000 	C:\Windows\SYSTEM32\dxcore.dll
0x00007ffb6d8e0000 - 0x00007ffb6da15000 	C:\Windows\System32\MSCTF.dll
0x00007ffb57a90000 - 0x00007ffb57ba6000 	C:\Windows\system32\pmls64.dll
0x00007ffb6eb20000 - 0x00007ffb6ec77000 	C:\Windows\System32\ole32.dll
0x00007ffb5d3e0000 - 0x00007ffb5d445000 	C:\Windows\system32\OLEACC.dll
0x00007ffb57560000 - 0x00007ffb57a35000 	C:\Windows\system32\WININET.dll
0x00007ffb6ac60000 - 0x00007ffb6ac91000 	C:\Windows\SYSTEM32\ntmarta.dll
0x00007ffb59fe0000 - 0x00007ffb59fea000 	C:\Windows\system32\wshqos.dll
0x00007ffb59c70000 - 0x00007ffb59c78000 	C:\Windows\SYSTEM32\wshtcpip.DLL
0x00007ffb59b30000 - 0x00007ffb59b38000 	C:\Windows\SYSTEM32\wship6.dll
0x00007ffb6ae60000 - 0x00007ffb6aee8000 	C:\Windows\SYSTEM32\Schannel.dll
0x00007ffb6c860000 - 0x00007ffb6c9a9000 	C:\Windows\System32\CRYPT32.dll
0x00007ffb6bc00000 - 0x00007ffb6bc12000 	C:\Windows\System32\MSASN1.dll
0x00007ffb6ba50000 - 0x00007ffb6ba87000 	C:\Windows\SYSTEM32\SspiCli.dll

dbghelp: loaded successfully - version: 4.0.5 - missing functions: none
symbol engine: initialized successfully - sym options: 0x614 - pdb path: .;C:\Program Files\AdoptOpenJDK\jdk-11.0.8.10-hotspot\bin;C:\Windows\SYSTEM32;C:\Windows\WinSxS\amd64_microsoft.windows.common-controls_6595b64144ccf1df_6.0.18362.1198_none_9e820b57e45ad92f;C:\Program Files\AdoptOpenJDK\jdk-11.0.8.10-hotspot\bin\server

VM Arguments:
jvm_args: -Dfile.encoding=UTF-8 
java_command: it.unibo.oop.lab.reactivegui02.Test
java_class_path (initial): C:\Users\Asus\Documents\Cesena\2°Anno\OOP\EsLab\OOP-Lab10\bin;C:\Users\Asus\scoop\apps\eclipse-java\current\plugins\org.junit_4.13.0.v20200204-1500.jar;C:\Users\Asus\scoop\apps\eclipse-java\current\plugins\org.hamcrest.core_1.3.0.v20180420-1519.jar
Launcher Type: SUN_STANDARD

[Global flags]
     intx CICompilerCount                          = 4                                         {product} {ergonomic}
     uint ConcGCThreads                            = 2                                         {product} {ergonomic}
     uint G1ConcRefinementThreads                  = 8                                         {product} {ergonomic}
   size_t G1HeapRegionSize                         = 1048576                                   {product} {ergonomic}
    uintx GCDrainStackTargetSize                   = 64                                        {product} {ergonomic}
   size_t InitialHeapSize                          = 134217728                                 {product} {ergonomic}
   size_t MarkStackSize                            = 4194304                                   {product} {ergonomic}
   size_t MaxHeapSize                              = 2118123520                                {product} {ergonomic}
   size_t MaxNewSize                               = 1270874112                                {product} {ergonomic}
   size_t MinHeapDeltaBytes                        = 1048576                                   {product} {ergonomic}
    uintx NonNMethodCodeHeapSize                   = 5836300                                {pd product} {ergonomic}
    uintx NonProfiledCodeHeapSize                  = 122910970                              {pd product} {ergonomic}
    uintx ProfiledCodeHeapSize                     = 122910970                              {pd product} {ergonomic}
    uintx ReservedCodeCacheSize                    = 251658240                              {pd product} {ergonomic}
     bool SegmentedCodeCache                       = true                                      {product} {ergonomic}
     bool UseCompressedClassPointers               = true                                 {lp64_product} {ergonomic}
     bool UseCompressedOops                        = true                                 {lp64_product} {ergonomic}
     bool UseG1GC                                  = true                                      {product} {ergonomic}
     bool UseLargePagesIndividualAllocation        = false                                  {pd product} {ergonomic}

Logging:
Log output configuration:
 #0: stdout all=warning uptime,level,tags
 #1: stderr all=off uptime,level,tags

Environment Variables:
PATH=C:/Program Files/AdoptOpenJDK/jdk-11.0.8.10-hotspot/bin/client;C:/Program Files/AdoptOpenJDK/jdk-11.0.8.10-hotspot/bin;C:\Program Files\AdoptOpenJDK\jdk-11.0.8.10-hotspot\bin;C:\Python38\Scripts\;C:\Python38\;C:\Program Files (x86)\Intel\iCLS Client\;C:\Program Files\Intel\iCLS Client\;C:\Windows\system32;C:\Windows;C:\Windows\System32\Wbem;C:\Windows\System32\WindowsPowerShell\v1.0\;C:\Windows\System32\OpenSSH\;C:\Program Files (x86)\NVIDIA Corporation\PhysX\Common;C:\Program Files (x86)\Intel\Intel(R) Management Engine Components\DAL;C:\Program Files\Intel\Intel(R) Management Engine Components\DAL;C:\Program Files (x86)\Intel\Intel(R) Management Engine Components\IPT;C:\Program Files\Intel\Intel(R) Management Engine Components\IPT;C:\Program Files\Intel\WiFi\bin\;C:\Program Files\Common Files\Intel\WirelessCommon\;C:\Program Files\Microsoft SQL Server\130\Tools\Binn\;C:\Program Files\Microsoft SQL Server\Client SDK\ODBC\170\Tools\Binn\;C:\Program Files\MinGW\bin;C:\Program Files\LLVM\bin;C:\Program Files\Calibre2\;C:\Program Files (x86)\Microsoft SQL Server\150\Tools\Binn\;C:\Program Files\Microsoft SQL Server\150\Tools\Binn\;C:\Program Files\Microsoft SQL Server\150\DTS\Binn\;C:\ProgramData\chocolatey\bin;C:\Program Files\nodejs\;C:\Program Files\Git\cmd;C:\Program Files\Git\mingw64\bin;C:\Program Files\Git\usr\bin;C:\Program Files\dotnet\;C:\Users\Asus\scoop\shims;C:\Users\Asus\AppData\Local\Microsoft\WindowsApps;C:\Program Files\LLVM\bin;C:\Users\Asus\AppData\Local\Programs\Microsoft VS Code\bin;C:\Users\Asus\AppData\Roaming\npm;C:\Users\Asus\.dotnet\tools;C:\Users\Asus\scoop\apps\eclipse-java\current;
USERNAME=Asus
OS=Windows_NT
PROCESSOR_IDENTIFIER=Intel64 Family 6 Model 158 Stepping 9, GenuineIntel



---------------  S Y S T E M  ---------------

OS: Windows 10 , 64 bit Build 18362 (10.0.18362.1110)
OS uptime: 0 days 3:09 hours

CPU:total 8 (initial active 8) (4 cores per cpu, 2 threads per core) family 6 model 158 stepping 9, cmov, cx8, fxsr, mmx, sse, sse2, sse3, ssse3, sse4.1, sse4.2, popcnt, avx, avx2, aes, clmul, erms, 3dnowpref, lzcnt, ht, tsc, tscinvbit, bmi1, bmi2, adx, fma

Memory: 4k page, system-wide physical 8076M (2566M free)
TotalPageFile size 28556M (AvailPageFile size 19227M)
current process WorkingSet (physical memory assigned to process): 46M, peak: 47M
current process commit charge ("private bytes"): 212M, peak: 213M

vm_info: OpenJDK 64-Bit Server VM (11.0.8+10) for windows-amd64 JRE (11.0.8+10), built on Jul 15 2020 11:45:54 by "" with MS VC++ 15.9 (VS2017)

END.
